0 info it worked if it ends with ok
1 verbose cli [ '/usr/bin/node',
1 verbose cli   '/usr/bin/npm',
1 verbose cli   'install',
1 verbose cli   '--check-files',
1 verbose cli   '--ignore-engines' ]
2 info using npm@3.5.2
3 info using node@v8.10.0
4 silly loadCurrentTree Starting
5 silly install loadCurrentTree
6 silly install readLocalPackageData
7 silly install normalizeTree
8 silly loadCurrentTree Finishing
9 silly loadIdealTree Starting
10 silly install loadIdealTree
11 silly cloneCurrentTree Starting
12 silly install cloneCurrentTreeToIdealTree
13 silly cloneCurrentTree Finishing
14 silly loadShrinkwrap Starting
15 silly install loadShrinkwrap
16 silly loadShrinkwrap Finishing
17 silly loadAllDepsIntoIdealTree Starting
18 silly install loadAllDepsIntoIdealTree
19 silly fetchNamedPackageData @rails/activestorage
20 silly mapToRegistry name @rails/activestorage
21 silly mapToRegistry scope (from package name) @rails
22 verbose mapToRegistry no registry URL found in name for scope @rails
23 silly mapToRegistry using default registry
24 silly mapToRegistry registry https://registry.npmjs.org/
25 silly mapToRegistry uri https://registry.npmjs.org/@rails%2factivestorage
26 verbose request uri https://registry.npmjs.org/@rails%2factivestorage
27 verbose request no auth needed
28 info attempt registry request try #1 at 10:06:17 AM
29 verbose request id 0f6400166c9cccde
30 verbose etag W/"6867068af5d8f518e781328785967010"
31 verbose lastModified Mon, 18 May 2020 15:47:33 GMT
32 http request GET https://registry.npmjs.org/@rails%2factivestorage
33 http 304 https://registry.npmjs.org/@rails%2factivestorage
34 verbose headers { date: 'Mon, 01 Jun 2020 16:06:17 GMT',
34 verbose headers   connection: 'keep-alive',
34 verbose headers   'set-cookie':
34 verbose headers    [ '__cfduid=d927b45013ae67c80cb86e995511f97471591027577; expires=Wed, 01-Jul-20 16:06:17 GMT; path=/; domain=.npmjs.org; HttpOnly; SameSite=Lax' ],
34 verbose headers   'cf-ray': '59ca2e5a1c07f77c-DEN',
34 verbose headers   age: '1387',
34 verbose headers   'cache-control': 'public, max-age=300',
34 verbose headers   etag: '"6867068af5d8f518e781328785967010"',
34 verbose headers   'last-modified': 'Mon, 18 May 2020 15:47:33 GMT',
34 verbose headers   vary: 'Accept-Encoding',
34 verbose headers   'cf-cache-status': 'HIT',
34 verbose headers   'cf-request-id': '03123b4c510000f77ce82db200000001',
34 verbose headers   'expect-ct': 'max-age=604800, report-uri="https://report-uri.cloudflare.com/cdn-cgi/beacon/expect-ct"',
34 verbose headers   server: 'cloudflare' }
35 silly get cb [ 304,
35 silly get   { date: 'Mon, 01 Jun 2020 16:06:17 GMT',
35 silly get     connection: 'keep-alive',
35 silly get     'set-cookie':
35 silly get      [ '__cfduid=d927b45013ae67c80cb86e995511f97471591027577; expires=Wed, 01-Jul-20 16:06:17 GMT; path=/; domain=.npmjs.org; HttpOnly; SameSite=Lax' ],
35 silly get     'cf-ray': '59ca2e5a1c07f77c-DEN',
35 silly get     age: '1387',
35 silly get     'cache-control': 'public, max-age=300',
35 silly get     etag: '"6867068af5d8f518e781328785967010"',
35 silly get     'last-modified': 'Mon, 18 May 2020 15:47:33 GMT',
35 silly get     vary: 'Accept-Encoding',
35 silly get     'cf-cache-status': 'HIT',
35 silly get     'cf-request-id': '03123b4c510000f77ce82db200000001',
35 silly get     'expect-ct': 'max-age=604800, report-uri="https://report-uri.cloudflare.com/cdn-cgi/beacon/expect-ct"',
35 silly get     server: 'cloudflare' } ]
36 verbose etag https://registry.npmjs.org/@rails%2factivestorage from cache
37 verbose get saving @rails/activestorage to /home/geodevadmin/.npm/registry.npmjs.org/_40rails_252factivestorage/.cache.json
38 silly resolveWithNewModule @rails/activestorage@6.0.2 checking installable status
39 silly cache add args [ '@rails/activestorage@^6.0.0', null ]
40 verbose cache add spec @rails/activestorage@^6.0.0
41 silly cache add parsed spec Result {
41 silly cache add   raw: '@rails/activestorage@^6.0.0',
41 silly cache add   scope: '@rails',
41 silly cache add   name: '@rails/activestorage',
41 silly cache add   rawSpec: '^6.0.0',
41 silly cache add   spec: '>=6.0.0 <7.0.0',
41 silly cache add   type: 'range' }
42 silly addNamed @rails/activestorage@>=6.0.0 <7.0.0
43 verbose addNamed ">=6.0.0 <7.0.0" is a valid semver range for @rails/activestorage
44 silly addNameRange { name: '@rails/activestorage',
44 silly addNameRange   range: '>=6.0.0 <7.0.0',
44 silly addNameRange   hasData: false }
45 silly mapToRegistry name @rails/activestorage
46 silly mapToRegistry scope (from package name) @rails
47 verbose mapToRegistry no registry URL found in name for scope @rails
48 silly mapToRegistry using default registry
49 silly mapToRegistry registry https://registry.npmjs.org/
50 silly mapToRegistry uri https://registry.npmjs.org/@rails%2factivestorage
51 verbose addNameRange registry:https://registry.npmjs.org/@rails%2factivestorage not in flight; fetching
52 verbose get https://registry.npmjs.org/@rails%2factivestorage not expired, no request
53 silly addNameRange number 2 { name: '@rails/activestorage',
53 silly addNameRange   range: '>=6.0.0 <7.0.0',
53 silly addNameRange   hasData: true }
54 silly addNameRange versions [ '@rails/activestorage',
54 silly addNameRange   [ '6.0.0-alpha',
54 silly addNameRange     '6.0.0-beta1',
54 silly addNameRange     '6.0.0-beta2',
54 silly addNameRange     '6.0.0-beta3',
54 silly addNameRange     '6.0.0-rc1',
54 silly addNameRange     '6.0.0-rc2',
54 silly addNameRange     '6.0.0',
54 silly addNameRange     '6.0.1-rc1',
54 silly addNameRange     '6.0.1',
54 silly addNameRange     '6.0.2-rc1',
54 silly addNameRange     '6.0.2-rc2',
54 silly addNameRange     '6.0.2',
54 silly addNameRange     '6.0.2-1',
54 silly addNameRange     '6.0.2-2',
54 silly addNameRange     '6.0.3-rc1',
54 silly addNameRange     '6.0.3',
54 silly addNameRange     '6.0.3-1' ] ]
55 silly addNamed @rails/activestorage@6.0.3
56 verbose addNamed "6.0.3" is a plain semver version for @rails/activestorage
57 silly cache afterAdd @rails/activestorage@6.0.3
58 verbose afterAdd /home/geodevadmin/.npm/@rails/activestorage/6.0.3/package/package.json not in flight; writing
59 verbose afterAdd /home/geodevadmin/.npm/@rails/activestorage/6.0.3/package/package.json written
60 silly rollbackFailedOptional Starting
61 silly rollbackFailedOptional Finishing
62 silly runTopLevelLifecycles Starting
63 silly runTopLevelLifecycles Finishing
64 silly install printInstalled
65 verbose stack Error: Error extracting /home/geodevadmin/.npm/@rails/activestorage/6.0.2/package.tgz archive: ENOENT: no such file or directory, open '/home/geodevadmin/.npm/@rails/activestorage/6.0.2/package.tgz'
65 verbose stack     at ReadStream.<anonymous> (/usr/share/npm/lib/fetch-package-metadata.js:286:10)
65 verbose stack     at emitOne (events.js:116:13)
65 verbose stack     at ReadStream.emit (events.js:211:7)
65 verbose stack     at /usr/share/npm/node_modules/graceful-fs/graceful-fs.js:179:14
65 verbose stack     at /usr/share/npm/node_modules/graceful-fs/graceful-fs.js:230:16
65 verbose stack     at FSReqWrap.oncomplete (fs.js:135:15)
66 verbose cwd /home/geodevadmin/programming/ruby/skillcraft
67 error Linux 4.15.0-72-generic
68 error argv "/usr/bin/node" "/usr/bin/npm" "install" "--check-files" "--ignore-engines"
69 error node v8.10.0
70 error npm  v3.5.2
71 error code EREADFILE
72 error Error extracting /home/geodevadmin/.npm/@rails/activestorage/6.0.2/package.tgz archive: ENOENT: no such file or directory, open '/home/geodevadmin/.npm/@rails/activestorage/6.0.2/package.tgz'
73 error If you need help, you may report this error at:
73 error     <https://github.com/npm/npm/issues>
74 verbose exit [ 1, true ]
